<?xml version="1.0" encoding="UTF-8"?>
<testsuite xmlns:xsi="http://www.w3.org/2001/XMLSchema-instance" xsi:noNamespaceSchemaLocation="https://maven.apache.org/surefire/maven-surefire-plugin/xsd/surefire-test-report-3.0.xsd" version="3.0" name="com.algonquincollege.cst8277.OrderSystemTestSuite" time="6.873" tests="40" errors="0" skipped="0" failures="0">
  <properties>
[...]
</properties>
  <testcase name="test01_all_customers_with_adminrole" classname="com.algonquincollege.cst8277.OrderSystemTestSuite" time="2.384"/>
  <testcase name="test02_all_products_with_adminrole" classname="com.algonquincollege.cst8277.OrderSystemTestSuite" time="0.618"/>
  <testcase name="test03_all_stores_with_adminrole" classname="com.algonquincollege.cst8277.OrderSystemTestSuite" time="0.098"/>
  <testcase name="test04_all_orders_with_adminrole" classname="com.algonquincollege.cst8277.OrderSystemTestSuite" time="0.091"/>
  <testcase name="test05_all_customers_with_userrole" classname="com.algonquincollege.cst8277.OrderSystemTestSuite" time="0.058"/>
  <testcase name="test06_all_products_with_userrole" classname="com.algonquincollege.cst8277.OrderSystemTestSuite" time="0.126"/>
  <testcase name="test07_all_stores_with_userrole" classname="com.algonquincollege.cst8277.OrderSystemTestSuite" time="0.076"/>
  <testcase name="test08_all_orders_with_userrole" classname="com.algonquincollege.cst8277.OrderSystemTestSuite" time="0.077"/>
  <testcase name="test09_all_customers_with_norole" classname="com.algonquincollege.cst8277.OrderSystemTestSuite" time="0.055"/>
  <testcase name="test10_all_products_with_norole" classname="com.algonquincollege.cst8277.OrderSystemTestSuite" time="0.213"/>
  <testcase name="test11_all_stores_with_norole" classname="com.algonquincollege.cst8277.OrderSystemTestSuite" time="0.06"/>
  <testcase name="test12_all_orders_with_norole" classname="com.algonquincollege.cst8277.OrderSystemTestSuite" time="0.055"/>
  <testcase name="test13_deleteStoreById_userRole" classname="com.algonquincollege.cst8277.OrderSystemTestSuite" time="0.175"/>
  <testcase name="test14_deleteStoreById_adminRole" classname="com.algonquincollege.cst8277.OrderSystemTestSuite" time="0.141"/>
  <testcase name="test15_deleteStoreById_noRole" classname="com.algonquincollege.cst8277.OrderSystemTestSuite" time="0.065"/>
  <testcase name="test16_add_customer_by_admin_role" classname="com.algonquincollege.cst8277.OrderSystemTestSuite" time="0.089"/>
  <testcase name="test16_add_customerr_by_no_role" classname="com.algonquincollege.cst8277.OrderSystemTestSuite" time="0.048"/>
  <testcase name="test16_add_customerr_by_user_role" classname="com.algonquincollege.cst8277.OrderSystemTestSuite" time="0.065"/>
  <testcase name="test20_getCustomerById" classname="com.algonquincollege.cst8277.OrderSystemTestSuite" time="0.274"/>
  <testcase name="test22_delete_customer_userRole" classname="com.algonquincollege.cst8277.OrderSystemTestSuite" time="0.097"/>
  <testcase name="test23_delete_customer_adminRole" classname="com.algonquincollege.cst8277.OrderSystemTestSuite" time="0.097"/>
  <testcase name="test24_delete_customer_noRole" classname="com.algonquincollege.cst8277.OrderSystemTestSuite" time="0.074"/>
  <testcase name="test25_add_product_by_admin_role" classname="com.algonquincollege.cst8277.OrderSystemTestSuite" time="0.086"/>
  <testcase name="test25_add_product_by_no_role" classname="com.algonquincollege.cst8277.OrderSystemTestSuite" time="0.081"/>
  <testcase name="test25_add_product_by_user_role" classname="com.algonquincollege.cst8277.OrderSystemTestSuite" time="0.047"/>
  <testcase name="test26_update_product" classname="com.algonquincollege.cst8277.OrderSystemTestSuite" time="0.108"/>
  <testcase name="test27_get_product_by_id" classname="com.algonquincollege.cst8277.OrderSystemTestSuite" time="0.13"/>
  <testcase name="test28_delete_product_by_adminRole" classname="com.algonquincollege.cst8277.OrderSystemTestSuite" time="0.087"/>
  <testcase name="test28_delete_product_by_noRole" classname="com.algonquincollege.cst8277.OrderSystemTestSuite" time="0.049"/>
  <testcase name="test28_delete_product_by_userRole" classname="com.algonquincollege.cst8277.OrderSystemTestSuite" time="0.086"/>
  <testcase name="test29_add_store_by_adminRole" classname="com.algonquincollege.cst8277.OrderSystemTestSuite" time="0.122"/>
  <testcase name="test29_add_store_by_noRole" classname="com.algonquincollege.cst8277.OrderSystemTestSuite" time="0.074"/>
  <testcase name="test29_add_store_by_useRole" classname="com.algonquincollege.cst8277.OrderSystemTestSuite" time="0.039"/>
  <testcase name="test30_update_store_adminRole" classname="com.algonquincollege.cst8277.OrderSystemTestSuite" time="0.114"/>
  <testcase name="test30_update_store_by_noRole" classname="com.algonquincollege.cst8277.OrderSystemTestSuite" time="0.081"/>
  <testcase name="test30_update_store_by_userRole" classname="com.algonquincollege.cst8277.OrderSystemTestSuite" time="0.079"/>
  <testcase name="test35_null_add_customer" classname="com.algonquincollege.cst8277.OrderSystemTestSuite" time="0.035"/>
  <testcase name="test36_null_add_product" classname="com.algonquincollege.cst8277.OrderSystemTestSuite" time="0.035"/>
  <testcase name="test37_null_add_store" classname="com.algonquincollege.cst8277.OrderSystemTestSuite" time="0.032"/>
  <testcase name="test38_null_add_order" classname="com.algonquincollege.cst8277.OrderSystemTestSuite" time="0.026"/>
</testsuite>